2025-12-23 16:01:23 -03:00: [33mThe CJS build of Vite's Node API is deprecated. See https://vite.dev/guide/troubleshooting.html#vite-cjs-node-api-deprecated for more details.[39m
2025-12-23 16:04:01 -03:00: [33mThe CJS build of Vite's Node API is deprecated. See https://vite.dev/guide/troubleshooting.html#vite-cjs-node-api-deprecated for more details.[39m
2025-12-23 16:14:16 -03:00: [33mThe CJS build of Vite's Node API is deprecated. See https://vite.dev/guide/troubleshooting.html#vite-cjs-node-api-deprecated for more details.[39m
2025-12-23 16:14:48 -03:00: [33mThe CJS build of Vite's Node API is deprecated. See https://vite.dev/guide/troubleshooting.html#vite-cjs-node-api-deprecated for more details.[39m
2025-12-23 16:25:31 -03:00: [33mThe CJS build of Vite's Node API is deprecated. See https://vite.dev/guide/troubleshooting.html#vite-cjs-node-api-deprecated for more details.[39m
2025-12-23 16:25:45 -03:00: [33mThe CJS build of Vite's Node API is deprecated. See https://vite.dev/guide/troubleshooting.html#vite-cjs-node-api-deprecated for more details.[39m
2025-12-23 16:30:51 -03:00: [33mThe CJS build of Vite's Node API is deprecated. See https://vite.dev/guide/troubleshooting.html#vite-cjs-node-api-deprecated for more details.[39m
2025-12-23 16:30:53 -03:00: x Build failed in 1.56s
2025-12-23 16:30:53 -03:00: error during build:
2025-12-23 16:30:53 -03:00: [@tailwindcss/vite:generate:build] Can't resolve 'tailwindcss' in '/home/kursk/coding/gaqno_server/@gaqno-frontcore/src/styles'
2025-12-23 16:30:53 -03:00: file: /home/kursk/coding/gaqno_server/@gaqno-frontcore/src/styles/globals.css
2025-12-23 16:30:53 -03:00:     at finishWithoutResolve (/home/kursk/coding/gaqno_server/node_modules/enhanced-resolve/lib/Resolver.js:565:18)
2025-12-23 16:30:53 -03:00:     at /home/kursk/coding/gaqno_server/node_modules/enhanced-resolve/lib/Resolver.js:657:14
2025-12-23 16:30:53 -03:00:     at /home/kursk/coding/gaqno_server/node_modules/enhanced-resolve/lib/Resolver.js:718:5
2025-12-23 16:30:53 -03:00:     at eval (eval at create (/home/kursk/coding/gaqno_server/node_modules/tapable/lib/HookCodeFactory.js:31:10), <anonymous>:15:1)
2025-12-23 16:30:53 -03:00:     at /home/kursk/coding/gaqno_server/node_modules/enhanced-resolve/lib/Resolver.js:718:5
2025-12-23 16:30:53 -03:00:     at eval (eval at create (/home/kursk/coding/gaqno_server/node_modules/tapable/lib/HookCodeFactory.js:31:10), <anonymous>:27:1)
2025-12-23 16:30:53 -03:00:     at /home/kursk/coding/gaqno_server/node_modules/enhanced-resolve/lib/DescriptionFilePlugin.js:89:43
2025-12-23 16:30:53 -03:00:     at /home/kursk/coding/gaqno_server/node_modules/enhanced-resolve/lib/Resolver.js:718:5
2025-12-23 16:30:53 -03:00:     at eval (eval at create (/home/kursk/coding/gaqno_server/node_modules/tapable/lib/HookCodeFactory.js:31:10), <anonymous>:15:1)
2025-12-23 16:30:53 -03:00:     at /home/kursk/coding/gaqno_server/node_modules/enhanced-resolve/lib/Resolver.js:718:5
2025-12-23 16:31:22 -03:00: [33mThe CJS build of Vite's Node API is deprecated. See https://vite.dev/guide/troubleshooting.html#vite-cjs-node-api-deprecated for more details.[39m
2025-12-23 16:31:24 -03:00: x Build failed in 1.84s
2025-12-23 16:31:24 -03:00: error during build:
2025-12-23 16:31:24 -03:00: [@tailwindcss/vite:generate:build] Can't resolve 'tailwindcss' in '/home/kursk/coding/gaqno_server/@gaqno-frontcore/src/styles'
2025-12-23 16:31:24 -03:00: file: /home/kursk/coding/gaqno_server/@gaqno-frontcore/src/styles/globals.css
2025-12-23 16:31:24 -03:00:     at finishWithoutResolve (/home/kursk/coding/gaqno_server/node_modules/enhanced-resolve/lib/Resolver.js:565:18)
2025-12-23 16:31:24 -03:00:     at /home/kursk/coding/gaqno_server/node_modules/enhanced-resolve/lib/Resolver.js:657:14
2025-12-23 16:31:24 -03:00:     at /home/kursk/coding/gaqno_server/node_modules/enhanced-resolve/lib/Resolver.js:718:5
2025-12-23 16:31:24 -03:00:     at eval (eval at create (/home/kursk/coding/gaqno_server/node_modules/tapable/lib/HookCodeFactory.js:31:10), <anonymous>:15:1)
2025-12-23 16:31:24 -03:00:     at /home/kursk/coding/gaqno_server/node_modules/enhanced-resolve/lib/Resolver.js:718:5
2025-12-23 16:31:24 -03:00:     at eval (eval at create (/home/kursk/coding/gaqno_server/node_modules/tapable/lib/HookCodeFactory.js:31:10), <anonymous>:27:1)
2025-12-23 16:31:24 -03:00:     at /home/kursk/coding/gaqno_server/node_modules/enhanced-resolve/lib/DescriptionFilePlugin.js:89:43
2025-12-23 16:31:24 -03:00:     at /home/kursk/coding/gaqno_server/node_modules/enhanced-resolve/lib/Resolver.js:718:5
2025-12-23 16:31:24 -03:00:     at eval (eval at create (/home/kursk/coding/gaqno_server/node_modules/tapable/lib/HookCodeFactory.js:31:10), <anonymous>:15:1)
2025-12-23 16:31:24 -03:00:     at /home/kursk/coding/gaqno_server/node_modules/enhanced-resolve/lib/Resolver.js:718:5
2025-12-23 16:34:07 -03:00: [33mThe CJS build of Vite's Node API is deprecated. See https://vite.dev/guide/troubleshooting.html#vite-cjs-node-api-deprecated for more details.[39m
2025-12-23 16:34:21 -03:00: [33mThe CJS build of Vite's Node API is deprecated. See https://vite.dev/guide/troubleshooting.html#vite-cjs-node-api-deprecated for more details.[39m
2025-12-23 17:02:36 -03:00: [33mThe CJS build of Vite's Node API is deprecated. See https://vite.dev/guide/troubleshooting.html#vite-cjs-node-api-deprecated for more details.[39m
2025-12-23 17:03:08 -03:00: [33mThe CJS build of Vite's Node API is deprecated. See https://vite.dev/guide/troubleshooting.html#vite-cjs-node-api-deprecated for more details.[39m
2025-12-23 17:09:20 -03:00: [33mThe CJS build of Vite's Node API is deprecated. See https://vite.dev/guide/troubleshooting.html#vite-cjs-node-api-deprecated for more details.[39m
2025-12-23 17:09:57 -03:00: [33mThe CJS build of Vite's Node API is deprecated. See https://vite.dev/guide/troubleshooting.html#vite-cjs-node-api-deprecated for more details.[39m
2025-12-23 17:17:42 -03:00: [33mThe CJS build of Vite's Node API is deprecated. See https://vite.dev/guide/troubleshooting.html#vite-cjs-node-api-deprecated for more details.[39m
2025-12-23 17:19:09 -03:00: [33mThe CJS build of Vite's Node API is deprecated. See https://vite.dev/guide/troubleshooting.html#vite-cjs-node-api-deprecated for more details.[39m
2025-12-23 17:27:51 -03:00: [33mThe CJS build of Vite's Node API is deprecated. See https://vite.dev/guide/troubleshooting.html#vite-cjs-node-api-deprecated for more details.[39m
2025-12-23 17:28:37 -03:00: [33mThe CJS build of Vite's Node API is deprecated. See https://vite.dev/guide/troubleshooting.html#vite-cjs-node-api-deprecated for more details.[39m
2025-12-23 17:34:56 -03:00: [33mThe CJS build of Vite's Node API is deprecated. See https://vite.dev/guide/troubleshooting.html#vite-cjs-node-api-deprecated for more details.[39m
2025-12-23 17:35:19 -03:00: [33mThe CJS build of Vite's Node API is deprecated. See https://vite.dev/guide/troubleshooting.html#vite-cjs-node-api-deprecated for more details.[39m
2025-12-23 18:27:29 -03:00: [33mThe CJS build of Vite's Node API is deprecated. See https://vite.dev/guide/troubleshooting.html#vite-cjs-node-api-deprecated for more details.[39m
2025-12-23 18:27:38 -03:00: [33mThe CJS build of Vite's Node API is deprecated. See https://vite.dev/guide/troubleshooting.html#vite-cjs-node-api-deprecated for more details.[39m
2025-12-23 18:27:46 -03:00: [33mThe CJS build of Vite's Node API is deprecated. See https://vite.dev/guide/troubleshooting.html#vite-cjs-node-api-deprecated for more details.[39m
2025-12-23 18:28:13 -03:00: [33mThe CJS build of Vite's Node API is deprecated. See https://vite.dev/guide/troubleshooting.html#vite-cjs-node-api-deprecated for more details.[39m
2025-12-23 18:28:16 -03:00: [33mThe CJS build of Vite's Node API is deprecated. See https://vite.dev/guide/troubleshooting.html#vite-cjs-node-api-deprecated for more details.[39m
2025-12-23 18:28:26 -03:00: [33mThe CJS build of Vite's Node API is deprecated. See https://vite.dev/guide/troubleshooting.html#vite-cjs-node-api-deprecated for more details.[39m
2025-12-23 18:28:30 -03:00: [33mThe CJS build of Vite's Node API is deprecated. See https://vite.dev/guide/troubleshooting.html#vite-cjs-node-api-deprecated for more details.[39m
2025-12-23 18:28:53 -03:00: [33mThe CJS build of Vite's Node API is deprecated. See https://vite.dev/guide/troubleshooting.html#vite-cjs-node-api-deprecated for more details.[39m
2025-12-23 18:28:57 -03:00: [33mThe CJS build of Vite's Node API is deprecated. See https://vite.dev/guide/troubleshooting.html#vite-cjs-node-api-deprecated for more details.[39m
2025-12-23 18:29:13 -03:00: [33mThe CJS build of Vite's Node API is deprecated. See https://vite.dev/guide/troubleshooting.html#vite-cjs-node-api-deprecated for more details.[39m
2025-12-23 18:29:32 -03:00: [33mThe CJS build of Vite's Node API is deprecated. See https://vite.dev/guide/troubleshooting.html#vite-cjs-node-api-deprecated for more details.[39m
2025-12-23 18:29:35 -03:00: x Build failed in 2.39s
2025-12-23 18:29:35 -03:00: error during build:
2025-12-23 18:29:35 -03:00: [commonjs--resolver] Missing "./components/admin/domains/DomainForm" specifier in "@gaqno-dev/frontcore" package
2025-12-23 18:29:35 -03:00:     at e (file:///home/kursk/coding/gaqno_server/node_modules/vite/dist/node/chunks/dep-BK3b2jBa.js:46042:25)
2025-12-23 18:29:35 -03:00:     at n (file:///home/kursk/coding/gaqno_server/node_modules/vite/dist/node/chunks/dep-BK3b2jBa.js:46042:627)
2025-12-23 18:29:35 -03:00:     at o (file:///home/kursk/coding/gaqno_server/node_modules/vite/dist/node/chunks/dep-BK3b2jBa.js:46042:1297)
2025-12-23 18:29:35 -03:00:     at resolveExportsOrImports (file:///home/kursk/coding/gaqno_server/node_modules/vite/dist/node/chunks/dep-BK3b2jBa.js:46663:18)
2025-12-23 18:29:35 -03:00:     at resolveDeepImport (file:///home/kursk/coding/gaqno_server/node_modules/vite/dist/node/chunks/dep-BK3b2jBa.js:46686:25)
2025-12-23 18:29:35 -03:00:     at tryNodeResolve (file:///home/kursk/coding/gaqno_server/node_modules/vite/dist/node/chunks/dep-BK3b2jBa.js:46451:16)
2025-12-23 18:29:35 -03:00:     at Object.resolveId (file:///home/kursk/coding/gaqno_server/node_modules/vite/dist/node/chunks/dep-BK3b2jBa.js:46201:19)
2025-12-23 18:29:35 -03:00:     at file:///home/kursk/coding/gaqno_server/node_modules/rollup/dist/es/shared/node-entry.js:22522:40
2025-12-23 18:29:35 -03:00:     at async PluginDriver.hookFirstAndGetPlugin (file:///home/kursk/coding/gaqno_server/node_modules/rollup/dist/es/shared/node-entry.js:22404:28)
2025-12-23 18:29:35 -03:00:     at async resolveId (file:///home/kursk/coding/gaqno_server/node_modules/rollup/dist/es/shared/node-entry.js:20880:26)
2025-12-23 18:32:16 -03:00: [33mThe CJS build of Vite's Node API is deprecated. See https://vite.dev/guide/troubleshooting.html#vite-cjs-node-api-deprecated for more details.[39m
2025-12-23 18:32:19 -03:00: x Build failed in 2.60s
2025-12-23 18:32:19 -03:00: error during build:
2025-12-23 18:32:19 -03:00: [commonjs--resolver] Missing "./components/admin/domains/DomainForm" specifier in "@gaqno-dev/frontcore" package
2025-12-23 18:32:19 -03:00:     at e (file:///home/kursk/coding/gaqno_server/node_modules/vite/dist/node/chunks/dep-BK3b2jBa.js:46042:25)
2025-12-23 18:32:19 -03:00:     at n (file:///home/kursk/coding/gaqno_server/node_modules/vite/dist/node/chunks/dep-BK3b2jBa.js:46042:627)
2025-12-23 18:32:19 -03:00:     at o (file:///home/kursk/coding/gaqno_server/node_modules/vite/dist/node/chunks/dep-BK3b2jBa.js:46042:1297)
2025-12-23 18:32:19 -03:00:     at resolveExportsOrImports (file:///home/kursk/coding/gaqno_server/node_modules/vite/dist/node/chunks/dep-BK3b2jBa.js:46663:18)
2025-12-23 18:32:19 -03:00:     at resolveDeepImport (file:///home/kursk/coding/gaqno_server/node_modules/vite/dist/node/chunks/dep-BK3b2jBa.js:46686:25)
2025-12-23 18:32:19 -03:00:     at tryNodeResolve (file:///home/kursk/coding/gaqno_server/node_modules/vite/dist/node/chunks/dep-BK3b2jBa.js:46451:16)
2025-12-23 18:32:19 -03:00:     at Object.resolveId (file:///home/kursk/coding/gaqno_server/node_modules/vite/dist/node/chunks/dep-BK3b2jBa.js:46201:19)
2025-12-23 18:32:19 -03:00:     at file:///home/kursk/coding/gaqno_server/node_modules/rollup/dist/es/shared/node-entry.js:22522:40
2025-12-23 18:32:19 -03:00:     at async PluginDriver.hookFirstAndGetPlugin (file:///home/kursk/coding/gaqno_server/node_modules/rollup/dist/es/shared/node-entry.js:22404:28)
2025-12-23 18:32:19 -03:00:     at async resolveId (file:///home/kursk/coding/gaqno_server/node_modules/rollup/dist/es/shared/node-entry.js:20880:26)
2025-12-23 18:33:23 -03:00: [33mThe CJS build of Vite's Node API is deprecated. See https://vite.dev/guide/troubleshooting.html#vite-cjs-node-api-deprecated for more details.[39m
2025-12-23 18:33:28 -03:00: x Build failed in 4.10s
2025-12-23 18:33:28 -03:00: error during build:
2025-12-23 18:33:28 -03:00: [commonjs--resolver] Missing "./components/admin/domains/SSLChecker" specifier in "@gaqno-dev/frontcore" package
2025-12-23 18:33:28 -03:00:     at e (file:///home/kursk/coding/gaqno_server/node_modules/vite/dist/node/chunks/dep-BK3b2jBa.js:46042:25)
2025-12-23 18:33:28 -03:00:     at n (file:///home/kursk/coding/gaqno_server/node_modules/vite/dist/node/chunks/dep-BK3b2jBa.js:46042:627)
2025-12-23 18:33:28 -03:00:     at o (file:///home/kursk/coding/gaqno_server/node_modules/vite/dist/node/chunks/dep-BK3b2jBa.js:46042:1297)
2025-12-23 18:33:28 -03:00:     at resolveExportsOrImports (file:///home/kursk/coding/gaqno_server/node_modules/vite/dist/node/chunks/dep-BK3b2jBa.js:46663:18)
2025-12-23 18:33:28 -03:00:     at resolveDeepImport (file:///home/kursk/coding/gaqno_server/node_modules/vite/dist/node/chunks/dep-BK3b2jBa.js:46686:25)
2025-12-23 18:33:28 -03:00:     at tryNodeResolve (file:///home/kursk/coding/gaqno_server/node_modules/vite/dist/node/chunks/dep-BK3b2jBa.js:46451:16)
2025-12-23 18:33:28 -03:00:     at Object.resolveId (file:///home/kursk/coding/gaqno_server/node_modules/vite/dist/node/chunks/dep-BK3b2jBa.js:46201:19)
2025-12-23 18:33:28 -03:00:     at file:///home/kursk/coding/gaqno_server/node_modules/rollup/dist/es/shared/node-entry.js:22522:40
2025-12-23 18:33:28 -03:00:     at async PluginDriver.hookFirstAndGetPlugin (file:///home/kursk/coding/gaqno_server/node_modules/rollup/dist/es/shared/node-entry.js:22404:28)
2025-12-23 18:33:28 -03:00:     at async resolveId (file:///home/kursk/coding/gaqno_server/node_modules/rollup/dist/es/shared/node-entry.js:20880:26)
2025-12-23 18:33:48 -03:00: [33mThe CJS build of Vite's Node API is deprecated. See https://vite.dev/guide/troubleshooting.html#vite-cjs-node-api-deprecated for more details.[39m
2025-12-23 18:33:53 -03:00: x Build failed in 3.85s
2025-12-23 18:33:53 -03:00: error during build:
2025-12-23 18:33:53 -03:00: [commonjs--resolver] Missing "./components/admin/domains/DomainForm" specifier in "@gaqno-dev/frontcore" package
2025-12-23 18:33:53 -03:00:     at e (file:///home/kursk/coding/gaqno_server/node_modules/vite/dist/node/chunks/dep-BK3b2jBa.js:46042:25)
2025-12-23 18:33:53 -03:00:     at n (file:///home/kursk/coding/gaqno_server/node_modules/vite/dist/node/chunks/dep-BK3b2jBa.js:46042:627)
2025-12-23 18:33:53 -03:00:     at o (file:///home/kursk/coding/gaqno_server/node_modules/vite/dist/node/chunks/dep-BK3b2jBa.js:46042:1297)
2025-12-23 18:33:53 -03:00:     at resolveExportsOrImports (file:///home/kursk/coding/gaqno_server/node_modules/vite/dist/node/chunks/dep-BK3b2jBa.js:46663:18)
2025-12-23 18:33:53 -03:00:     at resolveDeepImport (file:///home/kursk/coding/gaqno_server/node_modules/vite/dist/node/chunks/dep-BK3b2jBa.js:46686:25)
2025-12-23 18:33:53 -03:00:     at tryNodeResolve (file:///home/kursk/coding/gaqno_server/node_modules/vite/dist/node/chunks/dep-BK3b2jBa.js:46451:16)
2025-12-23 18:33:53 -03:00:     at Object.resolveId (file:///home/kursk/coding/gaqno_server/node_modules/vite/dist/node/chunks/dep-BK3b2jBa.js:46201:19)
2025-12-23 18:33:53 -03:00:     at file:///home/kursk/coding/gaqno_server/node_modules/rollup/dist/es/shared/node-entry.js:22522:40
2025-12-23 18:33:53 -03:00:     at async PluginDriver.hookFirstAndGetPlugin (file:///home/kursk/coding/gaqno_server/node_modules/rollup/dist/es/shared/node-entry.js:22404:28)
2025-12-23 18:33:53 -03:00:     at async resolveId (file:///home/kursk/coding/gaqno_server/node_modules/rollup/dist/es/shared/node-entry.js:20880:26)
2025-12-23 18:36:01 -03:00: [33mThe CJS build of Vite's Node API is deprecated. See https://vite.dev/guide/troubleshooting.html#vite-cjs-node-api-deprecated for more details.[39m
2025-12-23 18:36:23 -03:00: [33mThe CJS build of Vite's Node API is deprecated. See https://vite.dev/guide/troubleshooting.html#vite-cjs-node-api-deprecated for more details.[39m
2025-12-23 18:59:14 -03:00: [33mThe CJS build of Vite's Node API is deprecated. See https://vite.dev/guide/troubleshooting.html#vite-cjs-node-api-deprecated for more details.[39m
2025-12-23 19:00:06 -03:00: [33mThe CJS build of Vite's Node API is deprecated. See https://vite.dev/guide/troubleshooting.html#vite-cjs-node-api-deprecated for more details.[39m
2025-12-23 19:02:27 -03:00: [33mThe CJS build of Vite's Node API is deprecated. See https://vite.dev/guide/troubleshooting.html#vite-cjs-node-api-deprecated for more details.[39m
2025-12-23 19:03:03 -03:00: [33mThe CJS build of Vite's Node API is deprecated. See https://vite.dev/guide/troubleshooting.html#vite-cjs-node-api-deprecated for more details.[39m
2025-12-23 19:03:26 -03:00: [33mThe CJS build of Vite's Node API is deprecated. See https://vite.dev/guide/troubleshooting.html#vite-cjs-node-api-deprecated for more details.[39m
2025-12-23 19:03:41 -03:00: [33mThe CJS build of Vite's Node API is deprecated. See https://vite.dev/guide/troubleshooting.html#vite-cjs-node-api-deprecated for more details.[39m
2025-12-23 19:04:17 -03:00: [33mThe CJS build of Vite's Node API is deprecated. See https://vite.dev/guide/troubleshooting.html#vite-cjs-node-api-deprecated for more details.[39m
2025-12-23 19:04:47 -03:00: [33mThe CJS build of Vite's Node API is deprecated. See https://vite.dev/guide/troubleshooting.html#vite-cjs-node-api-deprecated for more details.[39m
2025-12-23 19:05:10 -03:00: [33mThe CJS build of Vite's Node API is deprecated. See https://vite.dev/guide/troubleshooting.html#vite-cjs-node-api-deprecated for more details.[39m
2025-12-23 19:05:50 -03:00: [33mThe CJS build of Vite's Node API is deprecated. See https://vite.dev/guide/troubleshooting.html#vite-cjs-node-api-deprecated for more details.[39m
2025-12-23 19:18:05 -03:00: [33mThe CJS build of Vite's Node API is deprecated. See https://vite.dev/guide/troubleshooting.html#vite-cjs-node-api-deprecated for more details.[39m
2025-12-23 19:18:35 -03:00: [33mThe CJS build of Vite's Node API is deprecated. See https://vite.dev/guide/troubleshooting.html#vite-cjs-node-api-deprecated for more details.[39m
2025-12-23 19:26:35 -03:00: ✘ [ERROR] Expected "]" but found "federation"
2025-12-23 19:26:35 -03:00: 
2025-12-23 19:26:35 -03:00:     vite.config.ts:30:6:
2025-12-23 19:26:35 -03:00:       30 │       federation({
2025-12-23 19:26:35 -03:00:          │       ~~~~~~~~~~
2025-12-23 19:26:35 -03:00:          ╵       ]
2025-12-23 19:26:35 -03:00: 
2025-12-23 19:26:35 -03:00: failed to load config from /home/kursk/coding/gaqno_server/gaqno-shell/vite.config.ts
2025-12-23 19:26:35 -03:00: error during build:
2025-12-23 19:26:35 -03:00: Error: Build failed with 1 error:
2025-12-23 19:26:35 -03:00: vite.config.ts:30:6: ERROR: Expected "]" but found "federation"
2025-12-23 19:26:35 -03:00:     at failureErrorWithLog (/home/kursk/coding/gaqno_server/node_modules/vite/node_modules/esbuild/lib/main.js:1472:15)
2025-12-23 19:26:35 -03:00:     at /home/kursk/coding/gaqno_server/node_modules/vite/node_modules/esbuild/lib/main.js:945:25
2025-12-23 19:26:35 -03:00:     at runOnEndCallbacks (/home/kursk/coding/gaqno_server/node_modules/vite/node_modules/esbuild/lib/main.js:1315:45)
2025-12-23 19:26:35 -03:00:     at buildResponseToResult (/home/kursk/coding/gaqno_server/node_modules/vite/node_modules/esbuild/lib/main.js:943:7)
2025-12-23 19:26:35 -03:00:     at /home/kursk/coding/gaqno_server/node_modules/vite/node_modules/esbuild/lib/main.js:970:16
2025-12-23 19:26:35 -03:00:     at responseCallbacks.<computed> (/home/kursk/coding/gaqno_server/node_modules/vite/node_modules/esbuild/lib/main.js:622:9)
2025-12-23 19:26:35 -03:00:     at handleIncomingPacket (/home/kursk/coding/gaqno_server/node_modules/vite/node_modules/esbuild/lib/main.js:677:12)
2025-12-23 19:26:35 -03:00:     at Socket.readFromStdout (/home/kursk/coding/gaqno_server/node_modules/vite/node_modules/esbuild/lib/main.js:600:7)
2025-12-23 19:26:35 -03:00:     at Socket.emit (node:events:508:28)
2025-12-23 19:26:35 -03:00:     at addChunk (node:internal/streams/readable:559:12)
2025-12-23 19:31:16 -03:00: [33mThe CJS build of Vite's Node API is deprecated. See https://vite.dev/guide/troubleshooting.html#vite-cjs-node-api-deprecated for more details.[39m
2025-12-23 19:32:10 -03:00: [33mThe CJS build of Vite's Node API is deprecated. See https://vite.dev/guide/troubleshooting.html#vite-cjs-node-api-deprecated for more details.[39m
2025-12-23 19:38:27 -03:00: [33mThe CJS build of Vite's Node API is deprecated. See https://vite.dev/guide/troubleshooting.html#vite-cjs-node-api-deprecated for more details.[39m
2025-12-23 19:38:52 -03:00: [33mThe CJS build of Vite's Node API is deprecated. See https://vite.dev/guide/troubleshooting.html#vite-cjs-node-api-deprecated for more details.[39m
2025-12-23 19:39:43 -03:00: [33mThe CJS build of Vite's Node API is deprecated. See https://vite.dev/guide/troubleshooting.html#vite-cjs-node-api-deprecated for more details.[39m
2025-12-23 19:40:05 -03:00: [33mThe CJS build of Vite's Node API is deprecated. See https://vite.dev/guide/troubleshooting.html#vite-cjs-node-api-deprecated for more details.[39m
2025-12-23 19:40:55 -03:00: [33mThe CJS build of Vite's Node API is deprecated. See https://vite.dev/guide/troubleshooting.html#vite-cjs-node-api-deprecated for more details.[39m
2025-12-23 19:41:07 -03:00: [33mThe CJS build of Vite's Node API is deprecated. See https://vite.dev/guide/troubleshooting.html#vite-cjs-node-api-deprecated for more details.[39m
2025-12-23 19:41:58 -03:00: [33mThe CJS build of Vite's Node API is deprecated. See https://vite.dev/guide/troubleshooting.html#vite-cjs-node-api-deprecated for more details.[39m
2025-12-23 19:42:15 -03:00: [33mThe CJS build of Vite's Node API is deprecated. See https://vite.dev/guide/troubleshooting.html#vite-cjs-node-api-deprecated for more details.[39m
2025-12-23 19:42:54 -03:00: [33mThe CJS build of Vite's Node API is deprecated. See https://vite.dev/guide/troubleshooting.html#vite-cjs-node-api-deprecated for more details.[39m
2025-12-23 19:43:11 -03:00: [33mThe CJS build of Vite's Node API is deprecated. See https://vite.dev/guide/troubleshooting.html#vite-cjs-node-api-deprecated for more details.[39m
2025-12-23 19:43:12 -03:00: [33mThe CJS build of Vite's Node API is deprecated. See https://vite.dev/guide/troubleshooting.html#vite-cjs-node-api-deprecated for more details.[39m
2025-12-23 19:43:30 -03:00: [33mThe CJS build of Vite's Node API is deprecated. See https://vite.dev/guide/troubleshooting.html#vite-cjs-node-api-deprecated for more details.[39m
2025-12-23 19:46:18 -03:00: [33mThe CJS build of Vite's Node API is deprecated. See https://vite.dev/guide/troubleshooting.html#vite-cjs-node-api-deprecated for more details.[39m
2025-12-23 19:46:35 -03:00: [33mThe CJS build of Vite's Node API is deprecated. See https://vite.dev/guide/troubleshooting.html#vite-cjs-node-api-deprecated for more details.[39m
2025-12-23 19:53:40 -03:00: [33mThe CJS build of Vite's Node API is deprecated. See https://vite.dev/guide/troubleshooting.html#vite-cjs-node-api-deprecated for more details.[39m
2025-12-23 19:54:19 -03:00: [33mThe CJS build of Vite's Node API is deprecated. See https://vite.dev/guide/troubleshooting.html#vite-cjs-node-api-deprecated for more details.[39m
2025-12-23 20:03:50 -03:00: [33mThe CJS build of Vite's Node API is deprecated. See https://vite.dev/guide/troubleshooting.html#vite-cjs-node-api-deprecated for more details.[39m
2025-12-23 20:04:26 -03:00: [33mThe CJS build of Vite's Node API is deprecated. See https://vite.dev/guide/troubleshooting.html#vite-cjs-node-api-deprecated for more details.[39m
2025-12-23 20:05:14 -03:00: [33mThe CJS build of Vite's Node API is deprecated. See https://vite.dev/guide/troubleshooting.html#vite-cjs-node-api-deprecated for more details.[39m
2025-12-23 20:05:59 -03:00: [33mThe CJS build of Vite's Node API is deprecated. See https://vite.dev/guide/troubleshooting.html#vite-cjs-node-api-deprecated for more details.[39m
2025-12-23 20:06:26 -03:00: [33mThe CJS build of Vite's Node API is deprecated. See https://vite.dev/guide/troubleshooting.html#vite-cjs-node-api-deprecated for more details.[39m
2025-12-23 20:06:30 -03:00: [33mThe CJS build of Vite's Node API is deprecated. See https://vite.dev/guide/troubleshooting.html#vite-cjs-node-api-deprecated for more details.[39m
2025-12-23 20:06:52 -03:00: [33mThe CJS build of Vite's Node API is deprecated. See https://vite.dev/guide/troubleshooting.html#vite-cjs-node-api-deprecated for more details.[39m
2025-12-23 20:07:44 -03:00: [33mThe CJS build of Vite's Node API is deprecated. See https://vite.dev/guide/troubleshooting.html#vite-cjs-node-api-deprecated for more details.[39m
2025-12-23 20:08:22 -03:00: [33mThe CJS build of Vite's Node API is deprecated. See https://vite.dev/guide/troubleshooting.html#vite-cjs-node-api-deprecated for more details.[39m
2025-12-23 20:15:58 -03:00: [33mThe CJS build of Vite's Node API is deprecated. See https://vite.dev/guide/troubleshooting.html#vite-cjs-node-api-deprecated for more details.[39m
2025-12-23 20:16:15 -03:00: [33mThe CJS build of Vite's Node API is deprecated. See https://vite.dev/guide/troubleshooting.html#vite-cjs-node-api-deprecated for more details.[39m
2025-12-23 20:27:55 -03:00: [33mThe CJS build of Vite's Node API is deprecated. See https://vite.dev/guide/troubleshooting.html#vite-cjs-node-api-deprecated for more details.[39m
2025-12-23 20:28:11 -03:00: [33mThe CJS build of Vite's Node API is deprecated. See https://vite.dev/guide/troubleshooting.html#vite-cjs-node-api-deprecated for more details.[39m
2025-12-23 20:31:30 -03:00: [33mThe CJS build of Vite's Node API is deprecated. See https://vite.dev/guide/troubleshooting.html#vite-cjs-node-api-deprecated for more details.[39m
2025-12-23 20:32:33 -03:00: [33mThe CJS build of Vite's Node API is deprecated. See https://vite.dev/guide/troubleshooting.html#vite-cjs-node-api-deprecated for more details.[39m
2025-12-23 20:40:59 -03:00: [33mThe CJS build of Vite's Node API is deprecated. See https://vite.dev/guide/troubleshooting.html#vite-cjs-node-api-deprecated for more details.[39m
2025-12-23 20:41:31 -03:00: [33mThe CJS build of Vite's Node API is deprecated. See https://vite.dev/guide/troubleshooting.html#vite-cjs-node-api-deprecated for more details.[39m
2025-12-23 20:51:17 -03:00: [33mThe CJS build of Vite's Node API is deprecated. See https://vite.dev/guide/troubleshooting.html#vite-cjs-node-api-deprecated for more details.[39m
2025-12-23 20:51:27 -03:00: [33mThe CJS build of Vite's Node API is deprecated. See https://vite.dev/guide/troubleshooting.html#vite-cjs-node-api-deprecated for more details.[39m
2025-12-23 20:52:05 -03:00: [33mThe CJS build of Vite's Node API is deprecated. See https://vite.dev/guide/troubleshooting.html#vite-cjs-node-api-deprecated for more details.[39m
2025-12-23 20:52:20 -03:00: [33mThe CJS build of Vite's Node API is deprecated. See https://vite.dev/guide/troubleshooting.html#vite-cjs-node-api-deprecated for more details.[39m
2025-12-23 20:52:56 -03:00: [33mThe CJS build of Vite's Node API is deprecated. See https://vite.dev/guide/troubleshooting.html#vite-cjs-node-api-deprecated for more details.[39m
2025-12-23 20:53:26 -03:00: [33mThe CJS build of Vite's Node API is deprecated. See https://vite.dev/guide/troubleshooting.html#vite-cjs-node-api-deprecated for more details.[39m
2025-12-23 20:53:36 -03:00: [33mThe CJS build of Vite's Node API is deprecated. See https://vite.dev/guide/troubleshooting.html#vite-cjs-node-api-deprecated for more details.[39m
2025-12-23 20:54:08 -03:00: [33mThe CJS build of Vite's Node API is deprecated. See https://vite.dev/guide/troubleshooting.html#vite-cjs-node-api-deprecated for more details.[39m
2025-12-23 20:56:46 -03:00: [33mThe CJS build of Vite's Node API is deprecated. See https://vite.dev/guide/troubleshooting.html#vite-cjs-node-api-deprecated for more details.[39m
2025-12-23 20:56:49 -03:00: [33mThe CJS build of Vite's Node API is deprecated. See https://vite.dev/guide/troubleshooting.html#vite-cjs-node-api-deprecated for more details.[39m
2025-12-23 20:56:54 -03:00: [33mThe CJS build of Vite's Node API is deprecated. See https://vite.dev/guide/troubleshooting.html#vite-cjs-node-api-deprecated for more details.[39m
2025-12-23 20:56:56 -03:00: [33mThe CJS build of Vite's Node API is deprecated. See https://vite.dev/guide/troubleshooting.html#vite-cjs-node-api-deprecated for more details.[39m
2025-12-23 20:57:06 -03:00: [33mThe CJS build of Vite's Node API is deprecated. See https://vite.dev/guide/troubleshooting.html#vite-cjs-node-api-deprecated for more details.[39m
2025-12-23 20:57:09 -03:00: [33mThe CJS build of Vite's Node API is deprecated. See https://vite.dev/guide/troubleshooting.html#vite-cjs-node-api-deprecated for more details.[39m
2025-12-23 20:57:21 -03:00: [33mThe CJS build of Vite's Node API is deprecated. See https://vite.dev/guide/troubleshooting.html#vite-cjs-node-api-deprecated for more details.[39m
2025-12-23 20:57:33 -03:00: [33mThe CJS build of Vite's Node API is deprecated. See https://vite.dev/guide/troubleshooting.html#vite-cjs-node-api-deprecated for more details.[39m
2025-12-23 20:57:44 -03:00: [33mThe CJS build of Vite's Node API is deprecated. See https://vite.dev/guide/troubleshooting.html#vite-cjs-node-api-deprecated for more details.[39m
2025-12-23 20:58:02 -03:00: [33mThe CJS build of Vite's Node API is deprecated. See https://vite.dev/guide/troubleshooting.html#vite-cjs-node-api-deprecated for more details.[39m
2025-12-23 21:00:13 -03:00: [33mThe CJS build of Vite's Node API is deprecated. See https://vite.dev/guide/troubleshooting.html#vite-cjs-node-api-deprecated for more details.[39m
2025-12-23 21:00:42 -03:00: [33mThe CJS build of Vite's Node API is deprecated. See https://vite.dev/guide/troubleshooting.html#vite-cjs-node-api-deprecated for more details.[39m
2025-12-23 21:20:06 -03:00: [33mThe CJS build of Vite's Node API is deprecated. See https://vite.dev/guide/troubleshooting.html#vite-cjs-node-api-deprecated for more details.[39m
2025-12-23 21:20:58 -03:00: [33mThe CJS build of Vite's Node API is deprecated. See https://vite.dev/guide/troubleshooting.html#vite-cjs-node-api-deprecated for more details.[39m
2025-12-23 21:37:33 -03:00: [33mThe CJS build of Vite's Node API is deprecated. See https://vite.dev/guide/troubleshooting.html#vite-cjs-node-api-deprecated for more details.[39m
2025-12-23 21:37:38 -03:00: [33mThe CJS build of Vite's Node API is deprecated. See https://vite.dev/guide/troubleshooting.html#vite-cjs-node-api-deprecated for more details.[39m
2025-12-23 21:37:45 -03:00: [33mThe CJS build of Vite's Node API is deprecated. See https://vite.dev/guide/troubleshooting.html#vite-cjs-node-api-deprecated for more details.[39m
2025-12-23 21:38:01 -03:00: [33mThe CJS build of Vite's Node API is deprecated. See https://vite.dev/guide/troubleshooting.html#vite-cjs-node-api-deprecated for more details.[39m
2025-12-23 21:38:12 -03:00: [33mThe CJS build of Vite's Node API is deprecated. See https://vite.dev/guide/troubleshooting.html#vite-cjs-node-api-deprecated for more details.[39m
2025-12-23 21:38:23 -03:00: [33mThe CJS build of Vite's Node API is deprecated. See https://vite.dev/guide/troubleshooting.html#vite-cjs-node-api-deprecated for more details.[39m
2025-12-23 21:38:36 -03:00: [33mThe CJS build of Vite's Node API is deprecated. See https://vite.dev/guide/troubleshooting.html#vite-cjs-node-api-deprecated for more details.[39m
2025-12-23 21:38:47 -03:00: [33mThe CJS build of Vite's Node API is deprecated. See https://vite.dev/guide/troubleshooting.html#vite-cjs-node-api-deprecated for more details.[39m
2025-12-23 21:39:10 -03:00: [33mThe CJS build of Vite's Node API is deprecated. See https://vite.dev/guide/troubleshooting.html#vite-cjs-node-api-deprecated for more details.[39m
2025-12-23 21:39:20 -03:00: [33mThe CJS build of Vite's Node API is deprecated. See https://vite.dev/guide/troubleshooting.html#vite-cjs-node-api-deprecated for more details.[39m
2025-12-23 21:40:59 -03:00: [33mThe CJS build of Vite's Node API is deprecated. See https://vite.dev/guide/troubleshooting.html#vite-cjs-node-api-deprecated for more details.[39m
2025-12-23 21:41:10 -03:00: [33mThe CJS build of Vite's Node API is deprecated. See https://vite.dev/guide/troubleshooting.html#vite-cjs-node-api-deprecated for more details.[39m
2025-12-23 21:42:38 -03:00: [33mThe CJS build of Vite's Node API is deprecated. See https://vite.dev/guide/troubleshooting.html#vite-cjs-node-api-deprecated for more details.[39m
2025-12-23 21:42:39 -03:00: [33mThe CJS build of Vite's Node API is deprecated. See https://vite.dev/guide/troubleshooting.html#vite-cjs-node-api-deprecated for more details.[39m
2025-12-23 21:42:42 -03:00: [33mThe CJS build of Vite's Node API is deprecated. See https://vite.dev/guide/troubleshooting.html#vite-cjs-node-api-deprecated for more details.[39m
2025-12-23 21:43:10 -03:00: [33mThe CJS build of Vite's Node API is deprecated. See https://vite.dev/guide/troubleshooting.html#vite-cjs-node-api-deprecated for more details.[39m
2025-12-23 21:43:18 -03:00: [33mThe CJS build of Vite's Node API is deprecated. See https://vite.dev/guide/troubleshooting.html#vite-cjs-node-api-deprecated for more details.[39m
2025-12-23 21:43:28 -03:00: [33mThe CJS build of Vite's Node API is deprecated. See https://vite.dev/guide/troubleshooting.html#vite-cjs-node-api-deprecated for more details.[39m
2025-12-23 21:43:38 -03:00: [33mThe CJS build of Vite's Node API is deprecated. See https://vite.dev/guide/troubleshooting.html#vite-cjs-node-api-deprecated for more details.[39m
2025-12-23 21:43:56 -03:00: [33mThe CJS build of Vite's Node API is deprecated. See https://vite.dev/guide/troubleshooting.html#vite-cjs-node-api-deprecated for more details.[39m
2025-12-23 21:44:07 -03:00: [33mThe CJS build of Vite's Node API is deprecated. See https://vite.dev/guide/troubleshooting.html#vite-cjs-node-api-deprecated for more details.[39m
2025-12-23 21:44:43 -03:00: [33mThe CJS build of Vite's Node API is deprecated. See https://vite.dev/guide/troubleshooting.html#vite-cjs-node-api-deprecated for more details.[39m
2025-12-23 21:44:54 -03:00: [33mThe CJS build of Vite's Node API is deprecated. See https://vite.dev/guide/troubleshooting.html#vite-cjs-node-api-deprecated for more details.[39m
2025-12-23 22:10:10 -03:00: [33mThe CJS build of Vite's Node API is deprecated. See https://vite.dev/guide/troubleshooting.html#vite-cjs-node-api-deprecated for more details.[39m
2025-12-23 22:10:13 -03:00: [33mThe CJS build of Vite's Node API is deprecated. See https://vite.dev/guide/troubleshooting.html#vite-cjs-node-api-deprecated for more details.[39m
2025-12-23 22:10:40 -03:00: [33mThe CJS build of Vite's Node API is deprecated. See https://vite.dev/guide/troubleshooting.html#vite-cjs-node-api-deprecated for more details.[39m
2025-12-23 22:52:22 -03:00: [33mThe CJS build of Vite's Node API is deprecated. See https://vite.dev/guide/troubleshooting.html#vite-cjs-node-api-deprecated for more details.[39m
2025-12-23 22:52:39 -03:00: [33mThe CJS build of Vite's Node API is deprecated. See https://vite.dev/guide/troubleshooting.html#vite-cjs-node-api-deprecated for more details.[39m
2025-12-23 22:57:18 -03:00: [33mThe CJS build of Vite's Node API is deprecated. See https://vite.dev/guide/troubleshooting.html#vite-cjs-node-api-deprecated for more details.[39m
2025-12-23 22:57:35 -03:00: [33mThe CJS build of Vite's Node API is deprecated. See https://vite.dev/guide/troubleshooting.html#vite-cjs-node-api-deprecated for more details.[39m
2025-12-23 23:02:43 -03:00: [33mThe CJS build of Vite's Node API is deprecated. See https://vite.dev/guide/troubleshooting.html#vite-cjs-node-api-deprecated for more details.[39m
2025-12-23 23:03:05 -03:00: [33mThe CJS build of Vite's Node API is deprecated. See https://vite.dev/guide/troubleshooting.html#vite-cjs-node-api-deprecated for more details.[39m
2025-12-23 23:03:09 -03:00: [33mThe CJS build of Vite's Node API is deprecated. See https://vite.dev/guide/troubleshooting.html#vite-cjs-node-api-deprecated for more details.[39m
2025-12-23 23:03:19 -03:00: [33mThe CJS build of Vite's Node API is deprecated. See https://vite.dev/guide/troubleshooting.html#vite-cjs-node-api-deprecated for more details.[39m
2025-12-23 23:03:44 -03:00: [33mThe CJS build of Vite's Node API is deprecated. See https://vite.dev/guide/troubleshooting.html#vite-cjs-node-api-deprecated for more details.[39m
2025-12-23 23:04:00 -03:00: [33mThe CJS build of Vite's Node API is deprecated. See https://vite.dev/guide/troubleshooting.html#vite-cjs-node-api-deprecated for more details.[39m
2025-12-23 23:07:52 -03:00: [33mThe CJS build of Vite's Node API is deprecated. See https://vite.dev/guide/troubleshooting.html#vite-cjs-node-api-deprecated for more details.[39m
2025-12-23 23:08:11 -03:00: [33mThe CJS build of Vite's Node API is deprecated. See https://vite.dev/guide/troubleshooting.html#vite-cjs-node-api-deprecated for more details.[39m
2025-12-23 23:10:15 -03:00: [33mThe CJS build of Vite's Node API is deprecated. See https://vite.dev/guide/troubleshooting.html#vite-cjs-node-api-deprecated for more details.[39m
2025-12-23 23:10:41 -03:00: [33mThe CJS build of Vite's Node API is deprecated. See https://vite.dev/guide/troubleshooting.html#vite-cjs-node-api-deprecated for more details.[39m
2025-12-23 23:25:06 -03:00: [33mThe CJS build of Vite's Node API is deprecated. See https://vite.dev/guide/troubleshooting.html#vite-cjs-node-api-deprecated for more details.[39m
2025-12-23 23:26:05 -03:00: [33mThe CJS build of Vite's Node API is deprecated. See https://vite.dev/guide/troubleshooting.html#vite-cjs-node-api-deprecated for more details.[39m
2025-12-23 23:38:47 -03:00: [33mThe CJS build of Vite's Node API is deprecated. See https://vite.dev/guide/troubleshooting.html#vite-cjs-node-api-deprecated for more details.[39m
2025-12-23 23:39:17 -03:00: [33mThe CJS build of Vite's Node API is deprecated. See https://vite.dev/guide/troubleshooting.html#vite-cjs-node-api-deprecated for more details.[39m
2025-12-23 23:40:40 -03:00: [33mThe CJS build of Vite's Node API is deprecated. See https://vite.dev/guide/troubleshooting.html#vite-cjs-node-api-deprecated for more details.[39m
2025-12-23 23:40:54 -03:00: [33mThe CJS build of Vite's Node API is deprecated. See https://vite.dev/guide/troubleshooting.html#vite-cjs-node-api-deprecated for more details.[39m
2025-12-23 23:41:58 -03:00: [33mThe CJS build of Vite's Node API is deprecated. See https://vite.dev/guide/troubleshooting.html#vite-cjs-node-api-deprecated for more details.[39m
2025-12-23 23:42:03 -03:00: [33mThe CJS build of Vite's Node API is deprecated. See https://vite.dev/guide/troubleshooting.html#vite-cjs-node-api-deprecated for more details.[39m
2025-12-23 23:42:24 -03:00: [33mThe CJS build of Vite's Node API is deprecated. See https://vite.dev/guide/troubleshooting.html#vite-cjs-node-api-deprecated for more details.[39m
2025-12-23 23:42:44 -03:00: [33mThe CJS build of Vite's Node API is deprecated. See https://vite.dev/guide/troubleshooting.html#vite-cjs-node-api-deprecated for more details.[39m
2025-12-23 23:44:43 -03:00: [33mThe CJS build of Vite's Node API is deprecated. See https://vite.dev/guide/troubleshooting.html#vite-cjs-node-api-deprecated for more details.[39m
2025-12-23 23:44:46 -03:00: x Build failed in 2.23s
2025-12-23 23:44:46 -03:00: error during build:
2025-12-23 23:44:46 -03:00: [vite:esbuild] Transform failed with 1 error:
2025-12-23 23:44:46 -03:00: /home/kursk/coding/gaqno_server/gaqno-shell/src/App.tsx:76:14: ERROR: Expected "]" but found ":"
2025-12-23 23:44:46 -03:00: file: /home/kursk/coding/gaqno_server/gaqno-shell/src/App.tsx:76:14
2025-12-23 23:44:46 -03:00: 
2025-12-23 23:44:46 -03:00: Expected "]" but found ":"
2025-12-23 23:44:46 -03:00: 74 |          ),
2025-12-23 23:44:46 -03:00: 75 |        },
2025-12-23 23:44:46 -03:00: 76 |        children: [
2025-12-23 23:44:46 -03:00:    |                ^
2025-12-23 23:44:46 -03:00: 77 |          {
2025-12-23 23:44:46 -03:00: 78 |            path: 'books', Component: BooksPage },
2025-12-23 23:44:46 -03:00: 
2025-12-23 23:44:46 -03:00:     at failureErrorWithLog (/home/kursk/coding/gaqno_server/node_modules/vite/node_modules/esbuild/lib/main.js:1472:15)
2025-12-23 23:44:46 -03:00:     at /home/kursk/coding/gaqno_server/node_modules/vite/node_modules/esbuild/lib/main.js:755:50
2025-12-23 23:44:46 -03:00:     at responseCallbacks.<computed> (/home/kursk/coding/gaqno_server/node_modules/vite/node_modules/esbuild/lib/main.js:622:9)
2025-12-23 23:44:46 -03:00:     at handleIncomingPacket (/home/kursk/coding/gaqno_server/node_modules/vite/node_modules/esbuild/lib/main.js:677:12)
2025-12-23 23:44:46 -03:00:     at Socket.readFromStdout (/home/kursk/coding/gaqno_server/node_modules/vite/node_modules/esbuild/lib/main.js:600:7)
2025-12-23 23:44:46 -03:00:     at Socket.emit (node:events:508:28)
2025-12-23 23:44:46 -03:00:     at addChunk (node:internal/streams/readable:559:12)
2025-12-23 23:44:46 -03:00:     at readableAddChunkPushByteMode (node:internal/streams/readable:510:3)
2025-12-23 23:44:46 -03:00:     at Readable.push (node:internal/streams/readable:390:5)
2025-12-23 23:44:46 -03:00:     at Pipe.onStreamRead (node:internal/stream_base_commons:189:23)
2025-12-23 23:44:59 -03:00: [33mThe CJS build of Vite's Node API is deprecated. See https://vite.dev/guide/troubleshooting.html#vite-cjs-node-api-deprecated for more details.[39m
2025-12-23 23:45:11 -03:00: [33mThe CJS build of Vite's Node API is deprecated. See https://vite.dev/guide/troubleshooting.html#vite-cjs-node-api-deprecated for more details.[39m
2025-12-23 23:45:16 -03:00: [33mThe CJS build of Vite's Node API is deprecated. See https://vite.dev/guide/troubleshooting.html#vite-cjs-node-api-deprecated for more details.[39m
2025-12-23 23:45:22 -03:00: [33mThe CJS build of Vite's Node API is deprecated. See https://vite.dev/guide/troubleshooting.html#vite-cjs-node-api-deprecated for more details.[39m
2025-12-23 23:45:39 -03:00: [33mThe CJS build of Vite's Node API is deprecated. See https://vite.dev/guide/troubleshooting.html#vite-cjs-node-api-deprecated for more details.[39m
2025-12-23 23:46:56 -03:00: [33mThe CJS build of Vite's Node API is deprecated. See https://vite.dev/guide/troubleshooting.html#vite-cjs-node-api-deprecated for more details.[39m
2025-12-23 23:46:57 -03:00: x Build failed in 986ms
2025-12-23 23:46:57 -03:00: error during build:
2025-12-23 23:46:57 -03:00: Could not resolve "./styles.css" from "src/main.tsx"
2025-12-23 23:46:57 -03:00: file: /home/kursk/coding/gaqno_server/gaqno-shell/src/main.tsx
2025-12-23 23:46:57 -03:00:     at getRollupError (file:///home/kursk/coding/gaqno_server/node_modules/rollup/dist/es/shared/parseAst.js:401:41)
2025-12-23 23:46:57 -03:00:     at error (file:///home/kursk/coding/gaqno_server/node_modules/rollup/dist/es/shared/parseAst.js:397:42)
2025-12-23 23:46:57 -03:00:     at ModuleLoader.handleInvalidResolvedId (file:///home/kursk/coding/gaqno_server/node_modules/rollup/dist/es/shared/node-entry.js:21661:24)
2025-12-23 23:46:57 -03:00:     at file:///home/kursk/coding/gaqno_server/node_modules/rollup/dist/es/shared/node-entry.js:21621:26
2025-12-23 23:47:04 -03:00: [33mThe CJS build of Vite's Node API is deprecated. See https://vite.dev/guide/troubleshooting.html#vite-cjs-node-api-deprecated for more details.[39m
2025-12-23 23:47:17 -03:00: [33mThe CJS build of Vite's Node API is deprecated. See https://vite.dev/guide/troubleshooting.html#vite-cjs-node-api-deprecated for more details.[39m
2025-12-23 23:48:55 -03:00: [33mThe CJS build of Vite's Node API is deprecated. See https://vite.dev/guide/troubleshooting.html#vite-cjs-node-api-deprecated for more details.[39m
2025-12-23 23:49:16 -03:00: [33mThe CJS build of Vite's Node API is deprecated. See https://vite.dev/guide/troubleshooting.html#vite-cjs-node-api-deprecated for more details.[39m
2025-12-24 00:13:33 -03:00: [33mThe CJS build of Vite's Node API is deprecated. See https://vite.dev/guide/troubleshooting.html#vite-cjs-node-api-deprecated for more details.[39m
2025-12-24 00:14:05 -03:00: [33mThe CJS build of Vite's Node API is deprecated. See https://vite.dev/guide/troubleshooting.html#vite-cjs-node-api-deprecated for more details.[39m
2025-12-24 12:54:03 -03:00: [33mThe CJS build of Vite's Node API is deprecated. See https://vite.dev/guide/troubleshooting.html#vite-cjs-node-api-deprecated for more details.[39m
2025-12-24 12:55:26 -03:00: [33mThe CJS build of Vite's Node API is deprecated. See https://vite.dev/guide/troubleshooting.html#vite-cjs-node-api-deprecated for more details.[39m
2025-12-24 14:59:37 -03:00: [33mThe CJS build of Vite's Node API is deprecated. See https://vite.dev/guide/troubleshooting.html#vite-cjs-node-api-deprecated for more details.[39m
2025-12-24 15:00:38 -03:00: [33mThe CJS build of Vite's Node API is deprecated. See https://vite.dev/guide/troubleshooting.html#vite-cjs-node-api-deprecated for more details.[39m
2025-12-25 16:23:05 -03:00: [33mThe CJS build of Vite's Node API is deprecated. See https://vite.dev/guide/troubleshooting.html#vite-cjs-node-api-deprecated for more details.[39m
2025-12-25 16:23:19 -03:00: [33mThe CJS build of Vite's Node API is deprecated. See https://vite.dev/guide/troubleshooting.html#vite-cjs-node-api-deprecated for more details.[39m
2025-12-25 20:25:57 -03:00: [33mThe CJS build of Vite's Node API is deprecated. See https://vite.dev/guide/troubleshooting.html#vite-cjs-node-api-deprecated for more details.[39m
2025-12-25 20:27:25 -03:00: [33mThe CJS build of Vite's Node API is deprecated. See https://vite.dev/guide/troubleshooting.html#vite-cjs-node-api-deprecated for more details.[39m
2025-12-25 20:38:21 -03:00: [33mThe CJS build of Vite's Node API is deprecated. See https://vite.dev/guide/troubleshooting.html#vite-cjs-node-api-deprecated for more details.[39m
2025-12-25 20:39:28 -03:00: [33mThe CJS build of Vite's Node API is deprecated. See https://vite.dev/guide/troubleshooting.html#vite-cjs-node-api-deprecated for more details.[39m
2025-12-26 10:00:04 -03:00: [33mThe CJS build of Vite's Node API is deprecated. See https://vite.dev/guide/troubleshooting.html#vite-cjs-node-api-deprecated for more details.[39m
2025-12-26 10:00:24 -03:00: [33mThe CJS build of Vite's Node API is deprecated. See https://vite.dev/guide/troubleshooting.html#vite-cjs-node-api-deprecated for more details.[39m
2025-12-26 10:00:31 -03:00: [33mThe CJS build of Vite's Node API is deprecated. See https://vite.dev/guide/troubleshooting.html#vite-cjs-node-api-deprecated for more details.[39m
2025-12-26 10:00:39 -03:00: [33mThe CJS build of Vite's Node API is deprecated. See https://vite.dev/guide/troubleshooting.html#vite-cjs-node-api-deprecated for more details.[39m
2025-12-26 10:00:56 -03:00: [33mThe CJS build of Vite's Node API is deprecated. See https://vite.dev/guide/troubleshooting.html#vite-cjs-node-api-deprecated for more details.[39m
2025-12-26 10:01:03 -03:00: [33mThe CJS build of Vite's Node API is deprecated. See https://vite.dev/guide/troubleshooting.html#vite-cjs-node-api-deprecated for more details.[39m
2025-12-26 10:01:16 -03:00: [33mThe CJS build of Vite's Node API is deprecated. See https://vite.dev/guide/troubleshooting.html#vite-cjs-node-api-deprecated for more details.[39m
2025-12-26 10:01:34 -03:00: [33mThe CJS build of Vite's Node API is deprecated. See https://vite.dev/guide/troubleshooting.html#vite-cjs-node-api-deprecated for more details.[39m
2025-12-26 10:01:43 -03:00: [33mThe CJS build of Vite's Node API is deprecated. See https://vite.dev/guide/troubleshooting.html#vite-cjs-node-api-deprecated for more details.[39m
2025-12-26 10:01:54 -03:00: [33mThe CJS build of Vite's Node API is deprecated. See https://vite.dev/guide/troubleshooting.html#vite-cjs-node-api-deprecated for more details.[39m
2025-12-26 10:23:49 -03:00: [33mThe CJS build of Vite's Node API is deprecated. See https://vite.dev/guide/troubleshooting.html#vite-cjs-node-api-deprecated for more details.[39m
2025-12-26 10:24:13 -03:00: [33mThe CJS build of Vite's Node API is deprecated. See https://vite.dev/guide/troubleshooting.html#vite-cjs-node-api-deprecated for more details.[39m
2025-12-26 10:24:49 -03:00: [33mThe CJS build of Vite's Node API is deprecated. See https://vite.dev/guide/troubleshooting.html#vite-cjs-node-api-deprecated for more details.[39m
2025-12-26 10:25:01 -03:00: [33mThe CJS build of Vite's Node API is deprecated. See https://vite.dev/guide/troubleshooting.html#vite-cjs-node-api-deprecated for more details.[39m
2025-12-26 13:02:41 -03:00: [33mThe CJS build of Vite's Node API is deprecated. See https://vite.dev/guide/troubleshooting.html#vite-cjs-node-api-deprecated for more details.[39m
2025-12-26 13:02:52 -03:00: [33mThe CJS build of Vite's Node API is deprecated. See https://vite.dev/guide/troubleshooting.html#vite-cjs-node-api-deprecated for more details.[39m
2025-12-26 13:03:02 -03:00: [33mThe CJS build of Vite's Node API is deprecated. See https://vite.dev/guide/troubleshooting.html#vite-cjs-node-api-deprecated for more details.[39m
2025-12-26 13:03:13 -03:00: [33mThe CJS build of Vite's Node API is deprecated. See https://vite.dev/guide/troubleshooting.html#vite-cjs-node-api-deprecated for more details.[39m
2025-12-26 13:04:11 -03:00: [33mThe CJS build of Vite's Node API is deprecated. See https://vite.dev/guide/troubleshooting.html#vite-cjs-node-api-deprecated for more details.[39m
2025-12-26 13:05:19 -03:00: [33mThe CJS build of Vite's Node API is deprecated. See https://vite.dev/guide/troubleshooting.html#vite-cjs-node-api-deprecated for more details.[39m
2025-12-26 13:05:36 -03:00: [33mThe CJS build of Vite's Node API is deprecated. See https://vite.dev/guide/troubleshooting.html#vite-cjs-node-api-deprecated for more details.[39m
2025-12-26 13:05:41 -03:00: [33mThe CJS build of Vite's Node API is deprecated. See https://vite.dev/guide/troubleshooting.html#vite-cjs-node-api-deprecated for more details.[39m
2025-12-26 13:06:20 -03:00: [33mThe CJS build of Vite's Node API is deprecated. See https://vite.dev/guide/troubleshooting.html#vite-cjs-node-api-deprecated for more details.[39m
2025-12-26 13:07:31 -03:00: [33mThe CJS build of Vite's Node API is deprecated. See https://vite.dev/guide/troubleshooting.html#vite-cjs-node-api-deprecated for more details.[39m
2025-12-26 13:07:44 -03:00: [33mThe CJS build of Vite's Node API is deprecated. See https://vite.dev/guide/troubleshooting.html#vite-cjs-node-api-deprecated for more details.[39m
2025-12-26 13:10:13 -03:00: [33mThe CJS build of Vite's Node API is deprecated. See https://vite.dev/guide/troubleshooting.html#vite-cjs-node-api-deprecated for more details.[39m
2025-12-26 13:10:45 -03:00: [33mThe CJS build of Vite's Node API is deprecated. See https://vite.dev/guide/troubleshooting.html#vite-cjs-node-api-deprecated for more details.[39m
2025-12-26 13:18:07 -03:00: [33mThe CJS build of Vite's Node API is deprecated. See https://vite.dev/guide/troubleshooting.html#vite-cjs-node-api-deprecated for more details.[39m
2025-12-26 13:18:27 -03:00: [33mThe CJS build of Vite's Node API is deprecated. See https://vite.dev/guide/troubleshooting.html#vite-cjs-node-api-deprecated for more details.[39m
2025-12-26 13:18:55 -03:00: [33mThe CJS build of Vite's Node API is deprecated. See https://vite.dev/guide/troubleshooting.html#vite-cjs-node-api-deprecated for more details.[39m
2025-12-26 13:20:04 -03:00: [33mThe CJS build of Vite's Node API is deprecated. See https://vite.dev/guide/troubleshooting.html#vite-cjs-node-api-deprecated for more details.[39m
2025-12-26 13:20:27 -03:00: [33mThe CJS build of Vite's Node API is deprecated. See https://vite.dev/guide/troubleshooting.html#vite-cjs-node-api-deprecated for more details.[39m
2025-12-26 13:20:41 -03:00: [33mThe CJS build of Vite's Node API is deprecated. See https://vite.dev/guide/troubleshooting.html#vite-cjs-node-api-deprecated for more details.[39m
2025-12-26 13:20:42 -03:00: [33mThe CJS build of Vite's Node API is deprecated. See https://vite.dev/guide/troubleshooting.html#vite-cjs-node-api-deprecated for more details.[39m
2025-12-26 13:21:08 -03:00: [33mThe CJS build of Vite's Node API is deprecated. See https://vite.dev/guide/troubleshooting.html#vite-cjs-node-api-deprecated for more details.[39m
2025-12-26 13:23:36 -03:00: [33mThe CJS build of Vite's Node API is deprecated. See https://vite.dev/guide/troubleshooting.html#vite-cjs-node-api-deprecated for more details.[39m
2025-12-26 13:23:52 -03:00: [33mThe CJS build of Vite's Node API is deprecated. See https://vite.dev/guide/troubleshooting.html#vite-cjs-node-api-deprecated for more details.[39m
2025-12-26 13:23:55 -03:00: [33mThe CJS build of Vite's Node API is deprecated. See https://vite.dev/guide/troubleshooting.html#vite-cjs-node-api-deprecated for more details.[39m
2025-12-26 13:24:12 -03:00: [33mThe CJS build of Vite's Node API is deprecated. See https://vite.dev/guide/troubleshooting.html#vite-cjs-node-api-deprecated for more details.[39m
2025-12-26 13:24:33 -03:00: [33mThe CJS build of Vite's Node API is deprecated. See https://vite.dev/guide/troubleshooting.html#vite-cjs-node-api-deprecated for more details.[39m
2025-12-26 13:24:40 -03:00: [33mThe CJS build of Vite's Node API is deprecated. See https://vite.dev/guide/troubleshooting.html#vite-cjs-node-api-deprecated for more details.[39m
2025-12-26 13:25:13 -03:00: [33mThe CJS build of Vite's Node API is deprecated. See https://vite.dev/guide/troubleshooting.html#vite-cjs-node-api-deprecated for more details.[39m
2025-12-26 13:43:20 -03:00: [33mThe CJS build of Vite's Node API is deprecated. See https://vite.dev/guide/troubleshooting.html#vite-cjs-node-api-deprecated for more details.[39m
2025-12-26 13:43:52 -03:00: [33mThe CJS build of Vite's Node API is deprecated. See https://vite.dev/guide/troubleshooting.html#vite-cjs-node-api-deprecated for more details.[39m
2025-12-26 14:03:32 -03:00: [33mThe CJS build of Vite's Node API is deprecated. See https://vite.dev/guide/troubleshooting.html#vite-cjs-node-api-deprecated for more details.[39m
2025-12-26 14:03:53 -03:00: [33mThe CJS build of Vite's Node API is deprecated. See https://vite.dev/guide/troubleshooting.html#vite-cjs-node-api-deprecated for more details.[39m
2025-12-26 15:39:11 -03:00: [33mThe CJS build of Vite's Node API is deprecated. See https://vite.dev/guide/troubleshooting.html#vite-cjs-node-api-deprecated for more details.[39m
2025-12-26 15:39:37 -03:00: [33mThe CJS build of Vite's Node API is deprecated. See https://vite.dev/guide/troubleshooting.html#vite-cjs-node-api-deprecated for more details.[39m
2026-01-04 10:45:29 -03:00: [33mThe CJS build of Vite's Node API is deprecated. See https://vite.dev/guide/troubleshooting.html#vite-cjs-node-api-deprecated for more details.[39m
2026-01-04 10:47:27 -03:00: [33mThe CJS build of Vite's Node API is deprecated. See https://vite.dev/guide/troubleshooting.html#vite-cjs-node-api-deprecated for more details.[39m
2026-01-04 10:55:21 -03:00: [33mThe CJS build of Vite's Node API is deprecated. See https://vite.dev/guide/troubleshooting.html#vite-cjs-node-api-deprecated for more details.[39m
2026-01-04 10:55:28 -03:00: [33mThe CJS build of Vite's Node API is deprecated. See https://vite.dev/guide/troubleshooting.html#vite-cjs-node-api-deprecated for more details.[39m
2026-01-04 10:55:33 -03:00: [33mThe CJS build of Vite's Node API is deprecated. See https://vite.dev/guide/troubleshooting.html#vite-cjs-node-api-deprecated for more details.[39m
2026-01-04 10:55:36 -03:00: [33mThe CJS build of Vite's Node API is deprecated. See https://vite.dev/guide/troubleshooting.html#vite-cjs-node-api-deprecated for more details.[39m
2026-01-04 10:55:50 -03:00: [33mThe CJS build of Vite's Node API is deprecated. See https://vite.dev/guide/troubleshooting.html#vite-cjs-node-api-deprecated for more details.[39m
2026-01-04 10:56:15 -03:00: [33mThe CJS build of Vite's Node API is deprecated. See https://vite.dev/guide/troubleshooting.html#vite-cjs-node-api-deprecated for more details.[39m
2026-01-04 10:56:18 -03:00: [33mThe CJS build of Vite's Node API is deprecated. See https://vite.dev/guide/troubleshooting.html#vite-cjs-node-api-deprecated for more details.[39m
2026-01-04 10:56:35 -03:00: [33mThe CJS build of Vite's Node API is deprecated. See https://vite.dev/guide/troubleshooting.html#vite-cjs-node-api-deprecated for more details.[39m
2026-01-04 10:56:40 -03:00: [33mThe CJS build of Vite's Node API is deprecated. See https://vite.dev/guide/troubleshooting.html#vite-cjs-node-api-deprecated for more details.[39m
2026-01-04 10:56:56 -03:00: [33mThe CJS build of Vite's Node API is deprecated. See https://vite.dev/guide/troubleshooting.html#vite-cjs-node-api-deprecated for more details.[39m
2026-01-04 10:57:07 -03:00: [33mThe CJS build of Vite's Node API is deprecated. See https://vite.dev/guide/troubleshooting.html#vite-cjs-node-api-deprecated for more details.[39m
2026-01-04 10:57:11 -03:00: [33mThe CJS build of Vite's Node API is deprecated. See https://vite.dev/guide/troubleshooting.html#vite-cjs-node-api-deprecated for more details.[39m
2026-01-04 10:57:40 -03:00: [33mThe CJS build of Vite's Node API is deprecated. See https://vite.dev/guide/troubleshooting.html#vite-cjs-node-api-deprecated for more details.[39m
2026-01-04 10:58:14 -03:00: [33mThe CJS build of Vite's Node API is deprecated. See https://vite.dev/guide/troubleshooting.html#vite-cjs-node-api-deprecated for more details.[39m
2026-01-04 10:58:29 -03:00: [33mThe CJS build of Vite's Node API is deprecated. See https://vite.dev/guide/troubleshooting.html#vite-cjs-node-api-deprecated for more details.[39m
2026-01-04 10:58:43 -03:00: [33mThe CJS build of Vite's Node API is deprecated. See https://vite.dev/guide/troubleshooting.html#vite-cjs-node-api-deprecated for more details.[39m
2026-01-04 10:59:18 -03:00: [33mThe CJS build of Vite's Node API is deprecated. See https://vite.dev/guide/troubleshooting.html#vite-cjs-node-api-deprecated for more details.[39m
2026-01-04 10:59:56 -03:00: [33mThe CJS build of Vite's Node API is deprecated. See https://vite.dev/guide/troubleshooting.html#vite-cjs-node-api-deprecated for more details.[39m
2026-01-04 11:00:05 -03:00: [33mThe CJS build of Vite's Node API is deprecated. See https://vite.dev/guide/troubleshooting.html#vite-cjs-node-api-deprecated for more details.[39m
2026-01-04 11:00:26 -03:00: [33mThe CJS build of Vite's Node API is deprecated. See https://vite.dev/guide/troubleshooting.html#vite-cjs-node-api-deprecated for more details.[39m
2026-01-04 11:00:36 -03:00: [33mThe CJS build of Vite's Node API is deprecated. See https://vite.dev/guide/troubleshooting.html#vite-cjs-node-api-deprecated for more details.[39m
2026-01-04 11:00:54 -03:00: [33mThe CJS build of Vite's Node API is deprecated. See https://vite.dev/guide/troubleshooting.html#vite-cjs-node-api-deprecated for more details.[39m
2026-01-04 11:01:10 -03:00: [33mThe CJS build of Vite's Node API is deprecated. See https://vite.dev/guide/troubleshooting.html#vite-cjs-node-api-deprecated for more details.[39m
2026-01-04 11:01:34 -03:00: [33mThe CJS build of Vite's Node API is deprecated. See https://vite.dev/guide/troubleshooting.html#vite-cjs-node-api-deprecated for more details.[39m
2026-01-04 20:55:06 -03:00: [33mThe CJS build of Vite's Node API is deprecated. See https://vite.dev/guide/troubleshooting.html#vite-cjs-node-api-deprecated for more details.[39m
2026-01-04 20:55:24 -03:00: [33mThe CJS build of Vite's Node API is deprecated. See https://vite.dev/guide/troubleshooting.html#vite-cjs-node-api-deprecated for more details.[39m
2026-01-04 20:56:18 -03:00: [33mThe CJS build of Vite's Node API is deprecated. See https://vite.dev/guide/troubleshooting.html#vite-cjs-node-api-deprecated for more details.[39m
2026-01-05 11:39:54 -03:00: [33mThe CJS build of Vite's Node API is deprecated. See https://vite.dev/guide/troubleshooting.html#vite-cjs-node-api-deprecated for more details.[39m
2026-01-05 11:41:07 -03:00: [33mThe CJS build of Vite's Node API is deprecated. See https://vite.dev/guide/troubleshooting.html#vite-cjs-node-api-deprecated for more details.[39m
2026-01-05 11:43:27 -03:00: [33mThe CJS build of Vite's Node API is deprecated. See https://vite.dev/guide/troubleshooting.html#vite-cjs-node-api-deprecated for more details.[39m
2026-01-05 11:45:23 -03:00: [33mThe CJS build of Vite's Node API is deprecated. See https://vite.dev/guide/troubleshooting.html#vite-cjs-node-api-deprecated for more details.[39m
2026-01-05 13:29:05 -03:00: [33mThe CJS build of Vite's Node API is deprecated. See https://vite.dev/guide/troubleshooting.html#vite-cjs-node-api-deprecated for more details.[39m
2026-01-05 13:29:27 -03:00: [33mThe CJS build of Vite's Node API is deprecated. See https://vite.dev/guide/troubleshooting.html#vite-cjs-node-api-deprecated for more details.[39m
2026-01-05 13:31:09 -03:00: [33mThe CJS build of Vite's Node API is deprecated. See https://vite.dev/guide/troubleshooting.html#vite-cjs-node-api-deprecated for more details.[39m
2026-01-05 13:31:52 -03:00: [33mThe CJS build of Vite's Node API is deprecated. See https://vite.dev/guide/troubleshooting.html#vite-cjs-node-api-deprecated for more details.[39m
